<?xml version="1.0" encoding="UTF-8"?>
<!-- Generated by org.testng.reporters.JUnitReportReporter -->
<testsuite skipped="0" hostname="LAPTOP-F6EOHCUB" name="testcases.LoginPageTest" tests="2" failures="0" timestamp="14 Feb 2021 19:59:18 GMT" time="20.088" errors="0">
  <testcase name="loginTest" time="11.428" classname="testcases.LoginPageTest"/>
  <testcase name="loginpageTitleTest" time="8.660" classname="testcases.LoginPageTest"/>
</testsuite> <!-- testcases.LoginPageTest -->
