<?xml version="1.0" encoding="UTF-8"?>
<!-- Generated by org.testng.reporters.JUnitReportReporter -->
<testsuite skipped="0" hostname="LAPTOP-F6EOHCUB" name="testcases.LoginPageTest" tests="2" failures="0" timestamp="17 Feb 2021 02:24:03 GMT" time="21.658" errors="0">
  <testcase name="loginTest" time="12.594" classname="testcases.LoginPageTest"/>
  <testcase name="loginpageTitleTest" time="9.064" classname="testcases.LoginPageTest"/>
</testsuite> <!-- testcases.LoginPageTest -->
